<?xml version="1.0" encoding="UTF-8"?>
<testsuite name="com.thoughtworks.rectangle.RectangleTest" tests="1" skipped="0" failures="0" errors="0" timestamp="2022-11-07T05:58:59" hostname="Ritikas-MacBook-Pro.local" time="0.017">
  <properties/>
  <testcase name="shouldReturnWhenLengthAndBreadthArePositivee()" classname="com.thoughtworks.rectangle.RectangleTest" time="0.017"/>
  <system-out><![CDATA[]]></system-out>
  <system-err><![CDATA[]]></system-err>
</testsuite>
