<?xml version="1.0" encoding="UTF-8"?>
<testsuite name="com.thoughtworks.rectangle.RectangleTest" tests="1" skipped="0" failures="0" errors="0" timestamp="2022-11-08T10:39:27" hostname="gurushifu-gurushifugitp-sux46156xg9" time="0.021">
  <properties/>
  <testcase name="shouldReturnWhenAreaLengthAndBreadthArePositive()" classname="com.thoughtworks.rectangle.RectangleTest" time="0.021"/>
  <system-out><![CDATA[]]></system-out>
  <system-err><![CDATA[]]></system-err>
</testsuite>
