<?xml version="1.0" encoding="UTF-8"?>
<testsuite name="com.thoughtworks.rectangle.RectangleTest" tests="1" skipped="0" failures="0" errors="0" timestamp="2022-11-07T07:19:14" hostname="Ritikas-MacBook-Pro.local" time="0.022">
  <properties/>
  <testcase name="shouldReturnAreaWhenLengthAndBreadthArePositivee()" classname="com.thoughtworks.rectangle.RectangleTest" time="0.022"/>
  <system-out><![CDATA[]]></system-out>
  <system-err><![CDATA[]]></system-err>
</testsuite>
